/vol/synopsys/fpga/O-2018.09-SP1/bin/m_altera  -prodtype  synplify_premier  -encrypt  -pro  -rundir  /home/vcs5888/CE387/streaming_fm_radio/syn/rev_1   -part EP4CE6EA22-7    -maxfan 30 -verification_mode 0 -infer_seqShift -pipe -fixgatedclocks 1 -fixgeneratedclocks 1 -syn_altera_model on -mif_files_dirs " " -synthesis_strategy advanced -continue_on_error -validate_mif_files -reporting_ctd 0 -RWCheckOnRam 1 -summaryfile /home/vcs5888/CE387/streaming_fm_radio/syn/rev_1/synlog/report/seq_divider_fpga_mapper.xml -merge_inferred_clocks 0  -map  -licensetype  synplifypremierdp  -flow mapping  -mp  4  -prjfile  /home/vcs5888/CE387/streaming_fm_radio/syn/rev_1/scratchproject.prs  -implementation  rev_1  -multisrs  -vqm41  -ovqm  /home/vcs5888/CE387/streaming_fm_radio/syn/rev_1/seq_divider.vqm   -autoconstraint  -freq 1.000   /home/vcs5888/CE387/streaming_fm_radio/syn/rev_1/synwork/seq_divider_prem.srd  -sap  /home/vcs5888/CE387/streaming_fm_radio/syn/rev_1/seq_divider.sap  -otap  /home/vcs5888/CE387/streaming_fm_radio/syn/rev_1/seq_divider.tap  -omap  /home/vcs5888/CE387/streaming_fm_radio/syn/rev_1/seq_divider.map  -devicelib  /vol/synopsys/fpga/O-2018.09-SP1/lib/altera/altera.v  -devicelib  /vol/synopsys/fpga/O-2018.09-SP1/lib/altera/quartus_prime181/cycloneive.v  -devicelib  /vol/synopsys/fpga/O-2018.09-SP1/lib/altera/quartus_prime181/altera_mf.v  -devicelib  /vol/synopsys/fpga/O-2018.09-SP1/lib/altera/quartus_prime181/altera_lpm.v  -devicelib  /vol/synopsys/fpga/O-2018.09-SP1/lib/altera/quartus_prime181/altera_primitives.v  -sap  /home/vcs5888/CE387/streaming_fm_radio/syn/rev_1/seq_divider.sap  -ologparam  /home/vcs5888/CE387/streaming_fm_radio/syn/rev_1/syntmp/seq_divider.plg  -osyn  /home/vcs5888/CE387/streaming_fm_radio/syn/rev_1/seq_divider.srm  -prjdir  /home/vcs5888/CE387/streaming_fm_radio/syn/  -prjname  proj_1  -log  /home/vcs5888/CE387/streaming_fm_radio/syn/rev_1/synlog/seq_divider_fpga_mapper.srr  -sn  2018.09  -jobname  "fpga_mapper" 
relcom:/vol/synopsys/fpga/O-2018.09-SP1/bin/m_altera -prodtype synplify_premier -encrypt -pro -rundir ../../rev_1 -part EP4CE6EA22-7 -maxfan 30 -verification_mode 0 -infer_seqShift -pipe -fixgatedclocks 1 -fixgeneratedclocks 1 -syn_altera_model on -mif_files_dirs " " -synthesis_strategy advanced -continue_on_error -validate_mif_files -reporting_ctd 0 -RWCheckOnRam 1 -summaryfile ../synlog/report/seq_divider_fpga_mapper.xml -merge_inferred_clocks 0 -map -licensetype synplifypremierdp -flow mapping -mp 4 -prjfile ../scratchproject.prs -implementation rev_1 -multisrs -vqm41 -ovqm ../seq_divider.vqm -autoconstraint -freq 1.000 ../synwork/seq_divider_prem.srd -sap ../seq_divider.sap -otap ../seq_divider.tap -omap ../seq_divider.map -devicelib /vol/synopsys/fpga/O-2018.09-SP1/lib/altera/altera.v -devicelib /vol/synopsys/fpga/O-2018.09-SP1/lib/altera/quartus_prime181/cycloneive.v -devicelib /vol/synopsys/fpga/O-2018.09-SP1/lib/altera/quartus_prime181/altera_mf.v -devicelib /vol/synopsys/fpga/O-2018.09-SP1/lib/altera/quartus_prime181/altera_lpm.v -devicelib /vol/synopsys/fpga/O-2018.09-SP1/lib/altera/quartus_prime181/altera_primitives.v -sap ../seq_divider.sap -ologparam seq_divider.plg -osyn ../seq_divider.srm -prjdir ../../ -prjname proj_1 -log ../synlog/seq_divider_fpga_mapper.srr -sn 2018.09 -jobname "fpga_mapper"
rc:2 success:0 runtime:93
file:../scratchproject.prs|io:o|time:1773892586|size:2589|exec:0|csum:
file:../seq_divider.vqm|io:o|time:0|size:-1|exec:0|csum:
file:../synwork/seq_divider_prem.srd|io:i|time:1773892593|size:198030|exec:0|csum:056BBF0EC1EADC5BCD62137F6323C072
file:../seq_divider.sap|io:o|time:1773892594|size:3378|exec:0|csum:
file:../seq_divider.tap|io:o|time:0|size:-1|exec:0|csum:
file:../seq_divider.map|io:o|time:1773892687|size:27|exec:0|csum:
file:/vol/synopsys/fpga/O-2018.09-SP1/lib/altera/altera.v|io:i|time:1543381811|size:761|exec:0|csum:530DBF8BEE396EFE8B33F0255371F1EA
file:/vol/synopsys/fpga/O-2018.09-SP1/lib/altera/quartus_prime181/cycloneive.v|io:i|time:1543381840|size:248626|exec:0|csum:B7FC851277DB49C2CA5F418047EB2E4F
file:/vol/synopsys/fpga/O-2018.09-SP1/lib/altera/quartus_prime181/altera_mf.v|io:i|time:1543381839|size:2618882|exec:0|csum:84794777C52804010B1D63698E285DB9
file:/vol/synopsys/fpga/O-2018.09-SP1/lib/altera/quartus_prime181/altera_lpm.v|io:i|time:1543381839|size:14867|exec:0|csum:01D82E1D5975CD832C9D765243E5182D
file:/vol/synopsys/fpga/O-2018.09-SP1/lib/altera/quartus_prime181/altera_primitives.v|io:i|time:1543381839|size:35286|exec:0|csum:C0AAD8CA21730C472D624582C058B929
file:../seq_divider.sap|io:o|time:1773892594|size:3378|exec:0|csum:
file:seq_divider.plg|io:o|time:1773892687|size:590|exec:0|csum:
file:../seq_divider.srm|io:o|time:1773892687|size:145192|exec:0|csum:
file:../synlog/seq_divider_fpga_mapper.srr|io:o|time:1773892687|size:254787|exec:0|csum:
file:/vol/synopsys/fpga/O-2018.09-SP1/linux_a_64/m_altera|io:i|time:1543382473|size:31613712|exec:1|csum:5FBEB6EEDF3364EAF4B7F14711D19D39
file:/vol/synopsys/fpga/O-2018.09-SP1/bin/m_altera|io:i|time:1543381999|size:347|exec:1|csum:04851DFC0CBB288ED81DA3E420127D0D
