/vol/synopsys/fpga/O-2018.09-SP1/bin/m_altera  -mp  4  -prjfile  /home/rnl2121/CE387/FinalProject/streaming_fm_radio/syn/rev_1/scratchproject.prs  -implementation  rev_1  -prodtype  synplify_premier  -encrypt  -pro  -rundir  /home/rnl2121/CE387/FinalProject/streaming_fm_radio/syn/rev_1   -part 5CGXFC7C6FC23-6    -maxfan 30 -verification_mode 0 -infer_seqShift -pipe -fixgatedclocks 1 -fixgeneratedclocks 1 -syn_altera_model on -mif_files_dirs " " -synthesis_strategy advanced -continue_on_error -validate_mif_files -reporting_ctd 0 -RWCheckOnRam 1 -summaryfile /home/rnl2121/CE387/FinalProject/streaming_fm_radio/syn/rev_1/synlog/report/fm_radio_premap.xml -merge_inferred_clocks 0  -map  -licensetype  synplifypremierdp  -vqm41  -ovqm  /home/rnl2121/CE387/FinalProject/streaming_fm_radio/syn/rev_1/fm_radio.vqm  -conchk_prepass  /home/rnl2121/CE387/FinalProject/streaming_fm_radio/syn/rev_1/fm_radio_cck.rpt   -autoconstraint  -freq 1.000   /home/rnl2121/CE387/FinalProject/streaming_fm_radio/syn/rev_1/synwork/fm_radio_mult.srs  -flow prepass  -gcc_prepass  -osrd  /home/rnl2121/CE387/FinalProject/streaming_fm_radio/syn/rev_1/synwork/fm_radio_prem.srd  -qsap  /home/rnl2121/CE387/FinalProject/streaming_fm_radio/syn/rev_1/fm_radio.sap  -devicelib  /vol/synopsys/fpga/O-2018.09-SP1/lib/altera/altera.v  -devicelib  /vol/synopsys/fpga/O-2018.09-SP1/lib/altera/altera_mult_add.v  -devicelib  /vol/synopsys/fpga/O-2018.09-SP1/lib/altera/quartus_prime181/cyclonev.v  -devicelib  /vol/synopsys/fpga/O-2018.09-SP1/lib/altera/quartus_prime181/altera_mf.v  -devicelib  /vol/synopsys/fpga/O-2018.09-SP1/lib/altera/quartus_prime181/altera_lpm.v  -devicelib  /vol/synopsys/fpga/O-2018.09-SP1/lib/altera/quartus_prime181/altera_primitives.v  -ologparam  /home/rnl2121/CE387/FinalProject/streaming_fm_radio/syn/rev_1/syntmp/fm_radio.plg  -osyn  /home/rnl2121/CE387/FinalProject/streaming_fm_radio/syn/rev_1/synwork/fm_radio_prem.srd  -prjdir  /home/rnl2121/CE387/FinalProject/streaming_fm_radio/syn/  -prjname  fm_radio  -log  /home/rnl2121/CE387/FinalProject/streaming_fm_radio/syn/rev_1/synlog/fm_radio_premap.srr  -sn  2018.09  -jobname  "premap" 
relcom:/vol/synopsys/fpga/O-2018.09-SP1/bin/m_altera -mp 4 -prjfile ../scratchproject.prs -implementation rev_1 -prodtype synplify_premier -encrypt -pro -rundir ../../rev_1 -part 5CGXFC7C6FC23-6 -maxfan 30 -verification_mode 0 -infer_seqShift -pipe -fixgatedclocks 1 -fixgeneratedclocks 1 -syn_altera_model on -mif_files_dirs " " -synthesis_strategy advanced -continue_on_error -validate_mif_files -reporting_ctd 0 -RWCheckOnRam 1 -summaryfile ../synlog/report/fm_radio_premap.xml -merge_inferred_clocks 0 -map -licensetype synplifypremierdp -vqm41 -ovqm ../fm_radio.vqm -conchk_prepass ../fm_radio_cck.rpt -autoconstraint -freq 1.000 ../synwork/fm_radio_mult.srs -flow prepass -gcc_prepass -osrd ../synwork/fm_radio_prem.srd -qsap ../fm_radio.sap -devicelib /vol/synopsys/fpga/O-2018.09-SP1/lib/altera/altera.v -devicelib /vol/synopsys/fpga/O-2018.09-SP1/lib/altera/altera_mult_add.v -devicelib /vol/synopsys/fpga/O-2018.09-SP1/lib/altera/quartus_prime181/cyclonev.v -devicelib /vol/synopsys/fpga/O-2018.09-SP1/lib/altera/quartus_prime181/altera_mf.v -devicelib /vol/synopsys/fpga/O-2018.09-SP1/lib/altera/quartus_prime181/altera_lpm.v -devicelib /vol/synopsys/fpga/O-2018.09-SP1/lib/altera/quartus_prime181/altera_primitives.v -ologparam fm_radio.plg -osyn ../synwork/fm_radio_prem.srd -prjdir ../../ -prjname fm_radio -log ../synlog/fm_radio_premap.srr -sn 2018.09 -jobname "premap"
rc:1 success:1 runtime:2
file:../scratchproject.prs|io:o|time:1773894922|size:2866|exec:0|csum:
file:../fm_radio.vqm|io:o|time:1773895105|size:16480783|exec:0|csum:
file:../fm_radio_cck.rpt|io:o|time:1773896785|size:4515|exec:0|csum:
file:../synwork/fm_radio_mult.srs|io:i|time:1773896783|size:3887|exec:0|csum:A5AE8014DD8182572B6F9504FDF0CA15
file:../synwork/fm_radio_prem.srd|io:o|time:1773896784|size:121747|exec:0|csum:
file:../fm_radio.sap|io:o|time:1773896785|size:2465|exec:0|csum:
file:/vol/synopsys/fpga/O-2018.09-SP1/lib/altera/altera.v|io:i|time:1543381811|size:761|exec:0|csum:530DBF8BEE396EFE8B33F0255371F1EA
file:/vol/synopsys/fpga/O-2018.09-SP1/lib/altera/altera_mult_add.v|io:i|time:1543381811|size:168277|exec:0|csum:6E29C085D2A2C382F4C51DABDB48F76A
file:/vol/synopsys/fpga/O-2018.09-SP1/lib/altera/quartus_prime181/cyclonev.v|io:i|time:1543381840|size:131|exec:0|csum:6832EE71B40C2B86E4A43BC5063506D9
file:/vol/synopsys/fpga/O-2018.09-SP1/lib/altera/quartus_prime181/altera_mf.v|io:i|time:1543381839|size:2618882|exec:0|csum:84794777C52804010B1D63698E285DB9
file:/vol/synopsys/fpga/O-2018.09-SP1/lib/altera/quartus_prime181/altera_lpm.v|io:i|time:1543381839|size:14867|exec:0|csum:01D82E1D5975CD832C9D765243E5182D
file:/vol/synopsys/fpga/O-2018.09-SP1/lib/altera/quartus_prime181/altera_primitives.v|io:i|time:1543381839|size:35286|exec:0|csum:C0AAD8CA21730C472D624582C058B929
file:fm_radio.plg|io:o|time:1773896785|size:28|exec:0|csum:
file:../synwork/fm_radio_prem.srd|io:o|time:1773896784|size:121747|exec:0|csum:
file:../synlog/fm_radio_premap.srr|io:o|time:1773896785|size:7770|exec:0|csum:
file:/vol/synopsys/fpga/O-2018.09-SP1/linux_a_64/m_altera|io:i|time:1543382473|size:31613712|exec:1|csum:5FBEB6EEDF3364EAF4B7F14711D19D39
file:/vol/synopsys/fpga/O-2018.09-SP1/bin/m_altera|io:i|time:1543381999|size:347|exec:1|csum:04851DFC0CBB288ED81DA3E420127D0D
