###########################################################[

Copyright (C) 1994-2018 Synopsys, Inc.
This Synopsys software and all associated documentation are proprietary to Synopsys, Inc.
and may only be used pursuant to the terms and conditions of a written license agreement
with Synopsys, Inc. All other use, reproduction, modification, or distribution of the
Synopsys software or the associated documentation is strictly prohibited.
Tool: Synplify (R) Premier
Build: O-2018.09-SP1
Install: /vol/synopsys/fpga/O-2018.09-SP1
OS: Red Hat Enterprise Linux 8.10 (Ootpa)
Hostname: batgirl.ece.northwestern.edu
max virtual memory: unlimited (bytes)
max user processes: 126617
max stack size: 8388608 (bytes)


Implementation : rev_1
Synopsys Verilog Compiler, Version comp2018q4p1, Build 004R, Built Nov 27 2018 21:19:49

@N|Running in 64-bit mode
@N: CG1349 :	| Running Verilog Compiler in System Verilog mode

@N: CG1350 :	| Running Verilog Compiler in Multiple File Compilation Unit mode

@I::"/vol/synopsys/fpga/O-2018.09-SP1/lib/altera/altera.v" (library work)
@I::"/vol/synopsys/fpga/O-2018.09-SP1/lib/altera/quartus_prime181/cycloneive.v" (library work)
@I::"/vol/synopsys/fpga/O-2018.09-SP1/lib/altera/quartus_prime181/altera_mf.v" (library work)
@N: CG334 :"/vol/synopsys/fpga/O-2018.09-SP1/lib/altera/quartus_prime181/altera_mf.v":53001:16:53001:28|Read directive translate_off.
@N: CG333 :"/vol/synopsys/fpga/O-2018.09-SP1/lib/altera/quartus_prime181/altera_mf.v":53051:16:53051:27|Read directive translate_on.
@N: CG334 :"/vol/synopsys/fpga/O-2018.09-SP1/lib/altera/quartus_prime181/altera_mf.v":53060:16:53060:28|Read directive translate_off.
@N: CG333 :"/vol/synopsys/fpga/O-2018.09-SP1/lib/altera/quartus_prime181/altera_mf.v":53074:16:53074:27|Read directive translate_on.
@N: CG334 :"/vol/synopsys/fpga/O-2018.09-SP1/lib/altera/quartus_prime181/altera_mf.v":53221:20:53221:32|Read directive translate_off.
@N: CG333 :"/vol/synopsys/fpga/O-2018.09-SP1/lib/altera/quartus_prime181/altera_mf.v":53226:20:53226:31|Read directive translate_on.
@N: CG334 :"/vol/synopsys/fpga/O-2018.09-SP1/lib/altera/quartus_prime181/altera_mf.v":53229:20:53229:32|Read directive translate_off.
@N: CG333 :"/vol/synopsys/fpga/O-2018.09-SP1/lib/altera/quartus_prime181/altera_mf.v":53232:20:53232:31|Read directive translate_on.
@N: CG334 :"/vol/synopsys/fpga/O-2018.09-SP1/lib/altera/quartus_prime181/altera_mf.v":53346:20:53346:32|Read directive translate_off.
@N: CG333 :"/vol/synopsys/fpga/O-2018.09-SP1/lib/altera/quartus_prime181/altera_mf.v":53351:20:53351:31|Read directive translate_on.
@N: CG334 :"/vol/synopsys/fpga/O-2018.09-SP1/lib/altera/quartus_prime181/altera_mf.v":53354:20:53354:32|Read directive translate_off.
@N: CG333 :"/vol/synopsys/fpga/O-2018.09-SP1/lib/altera/quartus_prime181/altera_mf.v":53357:20:53357:31|Read directive translate_on.
@N: CG334 :"/vol/synopsys/fpga/O-2018.09-SP1/lib/altera/quartus_prime181/altera_mf.v":53446:20:53446:32|Read directive translate_off.
@N: CG333 :"/vol/synopsys/fpga/O-2018.09-SP1/lib/altera/quartus_prime181/altera_mf.v":53451:20:53451:31|Read directive translate_on.
@N: CG334 :"/vol/synopsys/fpga/O-2018.09-SP1/lib/altera/quartus_prime181/altera_mf.v":53454:20:53454:32|Read directive translate_off.
@N: CG333 :"/vol/synopsys/fpga/O-2018.09-SP1/lib/altera/quartus_prime181/altera_mf.v":53457:20:53457:31|Read directive translate_on.
@N: CG334 :"/vol/synopsys/fpga/O-2018.09-SP1/lib/altera/quartus_prime181/altera_mf.v":53545:20:53545:32|Read directive translate_off.
@N: CG333 :"/vol/synopsys/fpga/O-2018.09-SP1/lib/altera/quartus_prime181/altera_mf.v":53550:20:53550:31|Read directive translate_on.
@N: CG334 :"/vol/synopsys/fpga/O-2018.09-SP1/lib/altera/quartus_prime181/altera_mf.v":53553:20:53553:32|Read directive translate_off.
@N: CG333 :"/vol/synopsys/fpga/O-2018.09-SP1/lib/altera/quartus_prime181/altera_mf.v":53556:20:53556:31|Read directive translate_on.
@N: CG334 :"/vol/synopsys/fpga/O-2018.09-SP1/lib/altera/quartus_prime181/altera_mf.v":53642:20:53642:32|Read directive translate_off.
@N: CG333 :"/vol/synopsys/fpga/O-2018.09-SP1/lib/altera/quartus_prime181/altera_mf.v":53647:20:53647:31|Read directive translate_on.
@N: CG334 :"/vol/synopsys/fpga/O-2018.09-SP1/lib/altera/quartus_prime181/altera_mf.v":53650:20:53650:32|Read directive translate_off.
@N: CG333 :"/vol/synopsys/fpga/O-2018.09-SP1/lib/altera/quartus_prime181/altera_mf.v":53653:20:53653:31|Read directive translate_on.
@N: CG334 :"/vol/synopsys/fpga/O-2018.09-SP1/lib/altera/quartus_prime181/altera_mf.v":53861:12:53861:24|Read directive translate_off.
@N: CG333 :"/vol/synopsys/fpga/O-2018.09-SP1/lib/altera/quartus_prime181/altera_mf.v":53875:12:53875:23|Read directive translate_on.
@N: CG334 :"/vol/synopsys/fpga/O-2018.09-SP1/lib/altera/quartus_prime181/altera_mf.v":54140:12:54140:24|Read directive translate_off.
@N: CG333 :"/vol/synopsys/fpga/O-2018.09-SP1/lib/altera/quartus_prime181/altera_mf.v":54154:12:54154:23|Read directive translate_on.
@I::"/vol/synopsys/fpga/O-2018.09-SP1/lib/altera/quartus_prime181/altera_lpm.v" (library work)
@I::"/vol/synopsys/fpga/O-2018.09-SP1/lib/altera/quartus_prime181/altera_primitives.v" (library work)
@I::"/vol/synopsys/fpga/O-2018.09-SP1/lib/vlog/hypermods.v" (library __hyper__lib__)
@I::"/vol/synopsys/fpga/O-2018.09-SP1/lib/vlog/umr_capim.v" (library snps_haps)
@I::"/vol/synopsys/fpga/O-2018.09-SP1/lib/synip/hcei/zceistubs.v" (library snps_haps)
@I::"/vol/synopsys/fpga/O-2018.09-SP1/lib/vlog/scemi_objects.v" (library snps_haps)
@I::"/vol/synopsys/fpga/O-2018.09-SP1/lib/vlog/scemi_pipes.svh" (library snps_haps)
@I::"/home/vcs5888/CE387/streaming_fm_radio/sv/fm_radio_pkg.sv" (library work)
@I::"/home/vcs5888/CE387/streaming_fm_radio/sv/demod.sv" (library work)
@I::"/home/vcs5888/CE387/streaming_fm_radio/sv/add_sub.sv" (library work)
@I::"/home/vcs5888/CE387/streaming_fm_radio/sv/fir.sv" (library work)
@I::"/home/vcs5888/CE387/streaming_fm_radio/sv/fm_radio.sv" (library work)
@I::"/home/vcs5888/CE387/streaming_fm_radio/sv/helpers.sv" (library work)
@I::"/home/vcs5888/CE387/streaming_fm_radio/sv/iir.sv" (library work)
@I::"/home/vcs5888/CE387/streaming_fm_radio/sv/mult_gain.sv" (library work)
@I::"/home/vcs5888/CE387/streaming_fm_radio/sv/seq_divider.sv" (library work)
@I::"/home/vcs5888/CE387/streaming_fm_radio/sv/fm_radio_top.sv" (library work)
Verilog syntax check successful!
@N:: Applying property .distcompnoprune with value 1 on module fm_radio in library work
@N:: Applying property .noprune with value 1 on module fm_radio in library work
@N:: Applying property .distcomp_black_box with value 1 on module fm_radio in library work
@N:: Applying property syn_black_box with value 1 on module fm_radio in library work
@N:: Applying property .distcompmodetop with value 1 on module fm_radio_top in library work
@N:: Applying property .distcompnoprune with value 1 on module fm_radio_top in library work
@N:: Applying property .noprune with value 1 on module fm_radio_top in library work
@N:: Applying property .distcompnoprune with value 1 on module sync_fifo in library work
@N:: Applying property .noprune with value 1 on module sync_fifo in library work
@N: CG364 :"/home/vcs5888/CE387/streaming_fm_radio/sv/fm_radio_pkg.sv":1:8:1:19|Synthesizing module fm_radio_pkg in library work.
@N: CG364 :"/home/vcs5888/CE387/streaming_fm_radio/sv/demod.sv":2:0:2:5|Synthesizing module work_/home/vcs5888/CE387/streaming_fm_radio/sv/fm_radio_pkg.sv_unit in library work.
Selecting top level module fm_radio_top
@N: CG364 :"/home/vcs5888/CE387/streaming_fm_radio/sv/helpers.sv":228:7:228:15|Synthesizing module sync_fifo in library work.

	WIDTH=32'b00000000000000000000000001000000
	DEPTH=32'b00000000000000000000000010000000
	ADDR_W=32'b00000000000000000000000000000111
   Generated name = sync_fifo_64s_128s_7s
Running optimization stage 1 on sync_fifo_64s_128s_7s .......
@A: CL282 :"/home/vcs5888/CE387/streaming_fm_radio/sv/helpers.sv":253:4:253:12|Feedback mux created for signal mem[127][63:0]. It is possible a set/reset assignment for this is signal missing. To improve timing and area, specify a set/reset value.
@A: CL282 :"/home/vcs5888/CE387/streaming_fm_radio/sv/helpers.sv":253:4:253:12|Feedback mux created for signal mem[126][63:0]. It is possible a set/reset assignment for this is signal missing. To improve timing and area, specify a set/reset value.
@A: CL282 :"/home/vcs5888/CE387/streaming_fm_radio/sv/helpers.sv":253:4:253:12|Feedback mux created for signal mem[125][63:0]. It is possible a set/reset assignment for this is signal missing. To improve timing and area, specify a set/reset value.
@A: CL282 :"/home/vcs5888/CE387/streaming_fm_radio/sv/helpers.sv":253:4:253:12|Feedback mux created for signal mem[124][63:0]. It is possible a set/reset assignment for this is signal missing. To improve timing and area, specify a set/reset value.
@A: CL282 :"/home/vcs5888/CE387/streaming_fm_radio/sv/helpers.sv":253:4:253:12|Feedback mux created for signal mem[123][63:0]. It is possible a set/reset assignment for this is signal missing. To improve timing and area, specify a set/reset value.
@A: CL282 :"/home/vcs5888/CE387/streaming_fm_radio/sv/helpers.sv":253:4:253:12|Feedback mux created for signal mem[122][63:0]. It is possible a set/reset assignment for this is signal missing. To improve timing and area, specify a set/reset value.
@A: CL282 :"/home/vcs5888/CE387/streaming_fm_radio/sv/helpers.sv":253:4:253:12|Feedback mux created for signal mem[121][63:0]. It is possible a set/reset assignment for this is signal missing. To improve timing and area, specify a set/reset value.
@A: CL282 :"/home/vcs5888/CE387/streaming_fm_radio/sv/helpers.sv":253:4:253:12|Feedback mux created for signal mem[120][63:0]. It is possible a set/reset assignment for this is signal missing. To improve timing and area, specify a set/reset value.
@A: CL282 :"/home/vcs5888/CE387/streaming_fm_radio/sv/helpers.sv":253:4:253:12|Feedback mux created for signal mem[119][63:0]. It is possible a set/reset assignment for this is signal missing. To improve timing and area, specify a set/reset value.
@A: CL282 :"/home/vcs5888/CE387/streaming_fm_radio/sv/helpers.sv":253:4:253:12|Feedback mux created for signal mem[118][63:0]. It is possible a set/reset assignment for this is signal missing. To improve timing and area, specify a set/reset value.
@A: CL282 :"/home/vcs5888/CE387/streaming_fm_radio/sv/helpers.sv":253:4:253:12|Feedback mux created for signal mem[117][63:0]. It is possible a set/reset assignment for this is signal missing. To improve timing and area, specify a set/reset value.
@A: CL282 :"/home/vcs5888/CE387/streaming_fm_radio/sv/helpers.sv":253:4:253:12|Feedback mux created for signal mem[116][63:0]. It is possible a set/reset assignment for this is signal missing. To improve timing and area, specify a set/reset value.
@A: CL282 :"/home/vcs5888/CE387/streaming_fm_radio/sv/helpers.sv":253:4:253:12|Feedback mux created for signal mem[115][63:0]. It is possible a set/reset assignment for this is signal missing. To improve timing and area, specify a set/reset value.
@A: CL282 :"/home/vcs5888/CE387/streaming_fm_radio/sv/helpers.sv":253:4:253:12|Feedback mux created for signal mem[114][63:0]. It is possible a set/reset assignment for this is signal missing. To improve timing and area, specify a set/reset value.
@A: CL282 :"/home/vcs5888/CE387/streaming_fm_radio/sv/helpers.sv":253:4:253:12|Feedback mux created for signal mem[113][63:0]. It is possible a set/reset assignment for this is signal missing. To improve timing and area, specify a set/reset value.
@A: CL282 :"/home/vcs5888/CE387/streaming_fm_radio/sv/helpers.sv":253:4:253:12|Feedback mux created for signal mem[112][63:0]. It is possible a set/reset assignment for this is signal missing. To improve timing and area, specify a set/reset value.
@A: CL282 :"/home/vcs5888/CE387/streaming_fm_radio/sv/helpers.sv":253:4:253:12|Feedback mux created for signal mem[111][63:0]. It is possible a set/reset assignment for this is signal missing. To improve timing and area, specify a set/reset value.
@A: CL282 :"/home/vcs5888/CE387/streaming_fm_radio/sv/helpers.sv":253:4:253:12|Feedback mux created for signal mem[110][63:0]. It is possible a set/reset assignment for this is signal missing. To improve timing and area, specify a set/reset value.
@A: CL282 :"/home/vcs5888/CE387/streaming_fm_radio/sv/helpers.sv":253:4:253:12|Feedback mux created for signal mem[109][63:0]. It is possible a set/reset assignment for this is signal missing. To improve timing and area, specify a set/reset value.
@A: CL282 :"/home/vcs5888/CE387/streaming_fm_radio/sv/helpers.sv":253:4:253:12|Feedback mux created for signal mem[108][63:0]. It is possible a set/reset assignment for this is signal missing. To improve timing and area, specify a set/reset value.
@A: CL282 :"/home/vcs5888/CE387/streaming_fm_radio/sv/helpers.sv":253:4:253:12|Feedback mux created for signal mem[107][63:0]. It is possible a set/reset assignment for this is signal missing. To improve timing and area, specify a set/reset value.
@A: CL282 :"/home/vcs5888/CE387/streaming_fm_radio/sv/helpers.sv":253:4:253:12|Feedback mux created for signal mem[106][63:0]. It is possible a set/reset assignment for this is signal missing. To improve timing and area, specify a set/reset value.
@A: CL282 :"/home/vcs5888/CE387/streaming_fm_radio/sv/helpers.sv":253:4:253:12|Feedback mux created for signal mem[105][63:0]. It is possible a set/reset assignment for this is signal missing. To improve timing and area, specify a set/reset value.
@A: CL282 :"/home/vcs5888/CE387/streaming_fm_radio/sv/helpers.sv":253:4:253:12|Feedback mux created for signal mem[104][63:0]. It is possible a set/reset assignment for this is signal missing. To improve timing and area, specify a set/reset value.
@A: CL282 :"/home/vcs5888/CE387/streaming_fm_radio/sv/helpers.sv":253:4:253:12|Feedback mux created for signal mem[103][63:0]. It is possible a set/reset assignment for this is signal missing. To improve timing and area, specify a set/reset value.
@A: CL282 :"/home/vcs5888/CE387/streaming_fm_radio/sv/helpers.sv":253:4:253:12|Feedback mux created for signal mem[102][63:0]. It is possible a set/reset assignment for this is signal missing. To improve timing and area, specify a set/reset value.
@A: CL282 :"/home/vcs5888/CE387/streaming_fm_radio/sv/helpers.sv":253:4:253:12|Feedback mux created for signal mem[101][63:0]. It is possible a set/reset assignment for this is signal missing. To improve timing and area, specify a set/reset value.
@A: CL282 :"/home/vcs5888/CE387/streaming_fm_radio/sv/helpers.sv":253:4:253:12|Feedback mux created for signal mem[100][63:0]. It is possible a set/reset assignment for this is signal missing. To improve timing and area, specify a set/reset value.
@A: CL282 :"/home/vcs5888/CE387/streaming_fm_radio/sv/helpers.sv":253:4:253:12|Feedback mux created for signal mem[99][63:0]. It is possible a set/reset assignment for this is signal missing. To improve timing and area, specify a set/reset value.
@A: CL282 :"/home/vcs5888/CE387/streaming_fm_radio/sv/helpers.sv":253:4:253:12|Feedback mux created for signal mem[98][63:0]. It is possible a set/reset assignment for this is signal missing. To improve timing and area, specify a set/reset value.
@A: CL282 :"/home/vcs5888/CE387/streaming_fm_radio/sv/helpers.sv":253:4:253:12|Feedback mux created for signal mem[97][63:0]. It is possible a set/reset assignment for this is signal missing. To improve timing and area, specify a set/reset value.
@A: CL282 :"/home/vcs5888/CE387/streaming_fm_radio/sv/helpers.sv":253:4:253:12|Feedback mux created for signal mem[96][63:0]. It is possible a set/reset assignment for this is signal missing. To improve timing and area, specify a set/reset value.
@A: CL282 :"/home/vcs5888/CE387/streaming_fm_radio/sv/helpers.sv":253:4:253:12|Feedback mux created for signal mem[95][63:0]. It is possible a set/reset assignment for this is signal missing. To improve timing and area, specify a set/reset value.
@A: CL282 :"/home/vcs5888/CE387/streaming_fm_radio/sv/helpers.sv":253:4:253:12|Feedback mux created for signal mem[94][63:0]. It is possible a set/reset assignment for this is signal missing. To improve timing and area, specify a set/reset value.
@A: CL282 :"/home/vcs5888/CE387/streaming_fm_radio/sv/helpers.sv":253:4:253:12|Feedback mux created for signal mem[93][63:0]. It is possible a set/reset assignment for this is signal missing. To improve timing and area, specify a set/reset value.
@A: CL282 :"/home/vcs5888/CE387/streaming_fm_radio/sv/helpers.sv":253:4:253:12|Feedback mux created for signal mem[92][63:0]. It is possible a set/reset assignment for this is signal missing. To improve timing and area, specify a set/reset value.
@A: CL282 :"/home/vcs5888/CE387/streaming_fm_radio/sv/helpers.sv":253:4:253:12|Feedback mux created for signal mem[91][63:0]. It is possible a set/reset assignment for this is signal missing. To improve timing and area, specify a set/reset value.
@A: CL282 :"/home/vcs5888/CE387/streaming_fm_radio/sv/helpers.sv":253:4:253:12|Feedback mux created for signal mem[90][63:0]. It is possible a set/reset assignment for this is signal missing. To improve timing and area, specify a set/reset value.
@A: CL282 :"/home/vcs5888/CE387/streaming_fm_radio/sv/helpers.sv":253:4:253:12|Feedback mux created for signal mem[89][63:0]. It is possible a set/reset assignment for this is signal missing. To improve timing and area, specify a set/reset value.
@A: CL282 :"/home/vcs5888/CE387/streaming_fm_radio/sv/helpers.sv":253:4:253:12|Feedback mux created for signal mem[88][63:0]. It is possible a set/reset assignment for this is signal missing. To improve timing and area, specify a set/reset value.
@A: CL282 :"/home/vcs5888/CE387/streaming_fm_radio/sv/helpers.sv":253:4:253:12|Feedback mux created for signal mem[87][63:0]. It is possible a set/reset assignment for this is signal missing. To improve timing and area, specify a set/reset value.
@A: CL282 :"/home/vcs5888/CE387/streaming_fm_radio/sv/helpers.sv":253:4:253:12|Feedback mux created for signal mem[86][63:0]. It is possible a set/reset assignment for this is signal missing. To improve timing and area, specify a set/reset value.
@A: CL282 :"/home/vcs5888/CE387/streaming_fm_radio/sv/helpers.sv":253:4:253:12|Feedback mux created for signal mem[85][63:0]. It is possible a set/reset assignment for this is signal missing. To improve timing and area, specify a set/reset value.
@A: CL282 :"/home/vcs5888/CE387/streaming_fm_radio/sv/helpers.sv":253:4:253:12|Feedback mux created for signal mem[84][63:0]. It is possible a set/reset assignment for this is signal missing. To improve timing and area, specify a set/reset value.
@A: CL282 :"/home/vcs5888/CE387/streaming_fm_radio/sv/helpers.sv":253:4:253:12|Feedback mux created for signal mem[83][63:0]. It is possible a set/reset assignment for this is signal missing. To improve timing and area, specify a set/reset value.
@A: CL282 :"/home/vcs5888/CE387/streaming_fm_radio/sv/helpers.sv":253:4:253:12|Feedback mux created for signal mem[82][63:0]. It is possible a set/reset assignment for this is signal missing. To improve timing and area, specify a set/reset value.
@A: CL282 :"/home/vcs5888/CE387/streaming_fm_radio/sv/helpers.sv":253:4:253:12|Feedback mux created for signal mem[81][63:0]. It is possible a set/reset assignment for this is signal missing. To improve timing and area, specify a set/reset value.
@A: CL282 :"/home/vcs5888/CE387/streaming_fm_radio/sv/helpers.sv":253:4:253:12|Feedback mux created for signal mem[80][63:0]. It is possible a set/reset assignment for this is signal missing. To improve timing and area, specify a set/reset value.
@A: CL282 :"/home/vcs5888/CE387/streaming_fm_radio/sv/helpers.sv":253:4:253:12|Feedback mux created for signal mem[79][63:0]. It is possible a set/reset assignment for this is signal missing. To improve timing and area, specify a set/reset value.
@A: CL282 :"/home/vcs5888/CE387/streaming_fm_radio/sv/helpers.sv":253:4:253:12|Feedback mux created for signal mem[78][63:0]. It is possible a set/reset assignment for this is signal missing. To improve timing and area, specify a set/reset value.
@A: CL282 :"/home/vcs5888/CE387/streaming_fm_radio/sv/helpers.sv":253:4:253:12|Feedback mux created for signal mem[77][63:0]. It is possible a set/reset assignment for this is signal missing. To improve timing and area, specify a set/reset value.
@A: CL282 :"/home/vcs5888/CE387/streaming_fm_radio/sv/helpers.sv":253:4:253:12|Feedback mux created for signal mem[76][63:0]. It is possible a set/reset assignment for this is signal missing. To improve timing and area, specify a set/reset value.
@A: CL282 :"/home/vcs5888/CE387/streaming_fm_radio/sv/helpers.sv":253:4:253:12|Feedback mux created for signal mem[75][63:0]. It is possible a set/reset assignment for this is signal missing. To improve timing and area, specify a set/reset value.
@A: CL282 :"/home/vcs5888/CE387/streaming_fm_radio/sv/helpers.sv":253:4:253:12|Feedback mux created for signal mem[74][63:0]. It is possible a set/reset assignment for this is signal missing. To improve timing and area, specify a set/reset value.
@A: CL282 :"/home/vcs5888/CE387/streaming_fm_radio/sv/helpers.sv":253:4:253:12|Feedback mux created for signal mem[73][63:0]. It is possible a set/reset assignment for this is signal missing. To improve timing and area, specify a set/reset value.
@A: CL282 :"/home/vcs5888/CE387/streaming_fm_radio/sv/helpers.sv":253:4:253:12|Feedback mux created for signal mem[72][63:0]. It is possible a set/reset assignment for this is signal missing. To improve timing and area, specify a set/reset value.
@A: CL282 :"/home/vcs5888/CE387/streaming_fm_radio/sv/helpers.sv":253:4:253:12|Feedback mux created for signal mem[71][63:0]. It is possible a set/reset assignment for this is signal missing. To improve timing and area, specify a set/reset value.
@A: CL282 :"/home/vcs5888/CE387/streaming_fm_radio/sv/helpers.sv":253:4:253:12|Feedback mux created for signal mem[70][63:0]. It is possible a set/reset assignment for this is signal missing. To improve timing and area, specify a set/reset value.
@A: CL282 :"/home/vcs5888/CE387/streaming_fm_radio/sv/helpers.sv":253:4:253:12|Feedback mux created for signal mem[69][63:0]. It is possible a set/reset assignment for this is signal missing. To improve timing and area, specify a set/reset value.
@A: CL282 :"/home/vcs5888/CE387/streaming_fm_radio/sv/helpers.sv":253:4:253:12|Feedback mux created for signal mem[68][63:0]. It is possible a set/reset assignment for this is signal missing. To improve timing and area, specify a set/reset value.
@A: CL282 :"/home/vcs5888/CE387/streaming_fm_radio/sv/helpers.sv":253:4:253:12|Feedback mux created for signal mem[67][63:0]. It is possible a set/reset assignment for this is signal missing. To improve timing and area, specify a set/reset value.
@A: CL282 :"/home/vcs5888/CE387/streaming_fm_radio/sv/helpers.sv":253:4:253:12|Feedback mux created for signal mem[66][63:0]. It is possible a set/reset assignment for this is signal missing. To improve timing and area, specify a set/reset value.
@A: CL282 :"/home/vcs5888/CE387/streaming_fm_radio/sv/helpers.sv":253:4:253:12|Feedback mux created for signal mem[65][63:0]. It is possible a set/reset assignment for this is signal missing. To improve timing and area, specify a set/reset value.
@A: CL282 :"/home/vcs5888/CE387/streaming_fm_radio/sv/helpers.sv":253:4:253:12|Feedback mux created for signal mem[64][63:0]. It is possible a set/reset assignment for this is signal missing. To improve timing and area, specify a set/reset value.
@A: CL282 :"/home/vcs5888/CE387/streaming_fm_radio/sv/helpers.sv":253:4:253:12|Feedback mux created for signal mem[63][63:0]. It is possible a set/reset assignment for this is signal missing. To improve timing and area, specify a set/reset value.
@A: CL282 :"/home/vcs5888/CE387/streaming_fm_radio/sv/helpers.sv":253:4:253:12|Feedback mux created for signal mem[62][63:0]. It is possible a set/reset assignment for this is signal missing. To improve timing and area, specify a set/reset value.
@A: CL282 :"/home/vcs5888/CE387/streaming_fm_radio/sv/helpers.sv":253:4:253:12|Feedback mux created for signal mem[61][63:0]. It is possible a set/reset assignment for this is signal missing. To improve timing and area, specify a set/reset value.
@A: CL282 :"/home/vcs5888/CE387/streaming_fm_radio/sv/helpers.sv":253:4:253:12|Feedback mux created for signal mem[60][63:0]. It is possible a set/reset assignment for this is signal missing. To improve timing and area, specify a set/reset value.
@A: CL282 :"/home/vcs5888/CE387/streaming_fm_radio/sv/helpers.sv":253:4:253:12|Feedback mux created for signal mem[59][63:0]. It is possible a set/reset assignment for this is signal missing. To improve timing and area, specify a set/reset value.
@A: CL282 :"/home/vcs5888/CE387/streaming_fm_radio/sv/helpers.sv":253:4:253:12|Feedback mux created for signal mem[58][63:0]. It is possible a set/reset assignment for this is signal missing. To improve timing and area, specify a set/reset value.
@A: CL282 :"/home/vcs5888/CE387/streaming_fm_radio/sv/helpers.sv":253:4:253:12|Feedback mux created for signal mem[57][63:0]. It is possible a set/reset assignment for this is signal missing. To improve timing and area, specify a set/reset value.
@A: CL282 :"/home/vcs5888/CE387/streaming_fm_radio/sv/helpers.sv":253:4:253:12|Feedback mux created for signal mem[56][63:0]. It is possible a set/reset assignment for this is signal missing. To improve timing and area, specify a set/reset value.
@A: CL282 :"/home/vcs5888/CE387/streaming_fm_radio/sv/helpers.sv":253:4:253:12|Feedback mux created for signal mem[55][63:0]. It is possible a set/reset assignment for this is signal missing. To improve timing and area, specify a set/reset value.
@A: CL282 :"/home/vcs5888/CE387/streaming_fm_radio/sv/helpers.sv":253:4:253:12|Feedback mux created for signal mem[54][63:0]. It is possible a set/reset assignment for this is signal missing. To improve timing and area, specify a set/reset value.
@A: CL282 :"/home/vcs5888/CE387/streaming_fm_radio/sv/helpers.sv":253:4:253:12|Feedback mux created for signal mem[53][63:0]. It is possible a set/reset assignment for this is signal missing. To improve timing and area, specify a set/reset value.
@A: CL282 :"/home/vcs5888/CE387/streaming_fm_radio/sv/helpers.sv":253:4:253:12|Feedback mux created for signal mem[52][63:0]. It is possible a set/reset assignment for this is signal missing. To improve timing and area, specify a set/reset value.
@A: CL282 :"/home/vcs5888/CE387/streaming_fm_radio/sv/helpers.sv":253:4:253:12|Feedback mux created for signal mem[51][63:0]. It is possible a set/reset assignment for this is signal missing. To improve timing and area, specify a set/reset value.
@A: CL282 :"/home/vcs5888/CE387/streaming_fm_radio/sv/helpers.sv":253:4:253:12|Feedback mux created for signal mem[50][63:0]. It is possible a set/reset assignment for this is signal missing. To improve timing and area, specify a set/reset value.
@A: CL282 :"/home/vcs5888/CE387/streaming_fm_radio/sv/helpers.sv":253:4:253:12|Feedback mux created for signal mem[49][63:0]. It is possible a set/reset assignment for this is signal missing. To improve timing and area, specify a set/reset value.
@A: CL282 :"/home/vcs5888/CE387/streaming_fm_radio/sv/helpers.sv":253:4:253:12|Feedback mux created for signal mem[48][63:0]. It is possible a set/reset assignment for this is signal missing. To improve timing and area, specify a set/reset value.
@A: CL282 :"/home/vcs5888/CE387/streaming_fm_radio/sv/helpers.sv":253:4:253:12|Feedback mux created for signal mem[47][63:0]. It is possible a set/reset assignment for this is signal missing. To improve timing and area, specify a set/reset value.
@A: CL282 :"/home/vcs5888/CE387/streaming_fm_radio/sv/helpers.sv":253:4:253:12|Feedback mux created for signal mem[46][63:0]. It is possible a set/reset assignment for this is signal missing. To improve timing and area, specify a set/reset value.
@A: CL282 :"/home/vcs5888/CE387/streaming_fm_radio/sv/helpers.sv":253:4:253:12|Feedback mux created for signal mem[45][63:0]. It is possible a set/reset assignment for this is signal missing. To improve timing and area, specify a set/reset value.
@A: CL282 :"/home/vcs5888/CE387/streaming_fm_radio/sv/helpers.sv":253:4:253:12|Feedback mux created for signal mem[44][63:0]. It is possible a set/reset assignment for this is signal missing. To improve timing and area, specify a set/reset value.
@A: CL282 :"/home/vcs5888/CE387/streaming_fm_radio/sv/helpers.sv":253:4:253:12|Feedback mux created for signal mem[43][63:0]. It is possible a set/reset assignment for this is signal missing. To improve timing and area, specify a set/reset value.
@A: CL282 :"/home/vcs5888/CE387/streaming_fm_radio/sv/helpers.sv":253:4:253:12|Feedback mux created for signal mem[42][63:0]. It is possible a set/reset assignment for this is signal missing. To improve timing and area, specify a set/reset value.
@A: CL282 :"/home/vcs5888/CE387/streaming_fm_radio/sv/helpers.sv":253:4:253:12|Feedback mux created for signal mem[41][63:0]. It is possible a set/reset assignment for this is signal missing. To improve timing and area, specify a set/reset value.
@A: CL282 :"/home/vcs5888/CE387/streaming_fm_radio/sv/helpers.sv":253:4:253:12|Feedback mux created for signal mem[40][63:0]. It is possible a set/reset assignment for this is signal missing. To improve timing and area, specify a set/reset value.
@A: CL282 :"/home/vcs5888/CE387/streaming_fm_radio/sv/helpers.sv":253:4:253:12|Feedback mux created for signal mem[39][63:0]. It is possible a set/reset assignment for this is signal missing. To improve timing and area, specify a set/reset value.
@A: CL282 :"/home/vcs5888/CE387/streaming_fm_radio/sv/helpers.sv":253:4:253:12|Feedback mux created for signal mem[38][63:0]. It is possible a set/reset assignment for this is signal missing. To improve timing and area, specify a set/reset value.
@A: CL282 :"/home/vcs5888/CE387/streaming_fm_radio/sv/helpers.sv":253:4:253:12|Feedback mux created for signal mem[37][63:0]. It is possible a set/reset assignment for this is signal missing. To improve timing and area, specify a set/reset value.
@A: CL282 :"/home/vcs5888/CE387/streaming_fm_radio/sv/helpers.sv":253:4:253:12|Feedback mux created for signal mem[36][63:0]. It is possible a set/reset assignment for this is signal missing. To improve timing and area, specify a set/reset value.
@A: CL282 :"/home/vcs5888/CE387/streaming_fm_radio/sv/helpers.sv":253:4:253:12|Feedback mux created for signal mem[35][63:0]. It is possible a set/reset assignment for this is signal missing. To improve timing and area, specify a set/reset value.
@A: CL282 :"/home/vcs5888/CE387/streaming_fm_radio/sv/helpers.sv":253:4:253:12|Feedback mux created for signal mem[34][63:0]. It is possible a set/reset assignment for this is signal missing. To improve timing and area, specify a set/reset value.
@A: CL282 :"/home/vcs5888/CE387/streaming_fm_radio/sv/helpers.sv":253:4:253:12|Feedback mux created for signal mem[33][63:0]. It is possible a set/reset assignment for this is signal missing. To improve timing and area, specify a set/reset value.
@A: CL282 :"/home/vcs5888/CE387/streaming_fm_radio/sv/helpers.sv":253:4:253:12|Feedback mux created for signal mem[32][63:0]. It is possible a set/reset assignment for this is signal missing. To improve timing and area, specify a set/reset value.
@A: CL282 :"/home/vcs5888/CE387/streaming_fm_radio/sv/helpers.sv":253:4:253:12|Feedback mux created for signal mem[31][63:0]. It is possible a set/reset assignment for this is signal missing. To improve timing and area, specify a set/reset value.
@A: CL282 :"/home/vcs5888/CE387/streaming_fm_radio/sv/helpers.sv":253:4:253:12|Feedback mux created for signal mem[30][63:0]. It is possible a set/reset assignment for this is signal missing. To improve timing and area, specify a set/reset value.
@A: CL282 :"/home/vcs5888/CE387/streaming_fm_radio/sv/helpers.sv":253:4:253:12|Feedback mux created for signal mem[29][63:0]. It is possible a set/reset assignment for this is signal missing. To improve timing and area, specify a set/reset value.
@A: CL282 :"/home/vcs5888/CE387/streaming_fm_radio/sv/helpers.sv":253:4:253:12|Feedback mux created for signal mem[28][63:0]. It is possible a set/reset assignment for this is signal missing. To improve timing and area, specify a set/reset value.

Only the first 100 messages of id 'CL282' are reported. To see all messages use 'report_messages -log /home/vcs5888/CE387/streaming_fm_radio/syn/rev_1/synwork//distcomp/distcomp1/distcomp1.log -id CL282' in the Tcl shell. To see all messages in future runs, use the command 'message_override -limit {CL282} -count unlimited' in the Tcl shell.
@N: CG364 :"/home/vcs5888/CE387/streaming_fm_radio/sv/fm_radio.sv":7:7:7:14|Synthesizing module fm_radio in library work.
@N: CG364 :"/home/vcs5888/CE387/streaming_fm_radio/sv/helpers.sv":228:7:228:15|Synthesizing module sync_fifo in library work.

	WIDTH=32'b00000000000000000000000000100000
	DEPTH=32'b00000000000000000000000010000000
	ADDR_W=32'b00000000000000000000000000000111
   Generated name = sync_fifo_32s_128s_7s
Running optimization stage 1 on sync_fifo_32s_128s_7s .......
@N: CG364 :"/home/vcs5888/CE387/streaming_fm_radio/sv/fm_radio_top.sv":50:7:50:18|Synthesizing module fm_radio_top in library work.
Running optimization stage 1 on fm_radio_top .......
Running optimization stage 2 on fm_radio_top .......
Running optimization stage 2 on sync_fifo_32s_128s_7s .......
@N: CL134 :"/home/vcs5888/CE387/streaming_fm_radio/sv/helpers.sv":253:4:253:12|Found RAM mem, depth=128, width=32
Running optimization stage 2 on sync_fifo_64s_128s_7s .......
@N: CL134 :"/home/vcs5888/CE387/streaming_fm_radio/sv/helpers.sv":253:4:253:12|Found RAM mem, depth=128, width=64

For a summary of runtime and memory usage per design unit, please see file:
==========================================================
@L: /home/vcs5888/CE387/streaming_fm_radio/syn/rev_1/synwork//distcomp/distcomp1/distcomp1.rt.csv

@END

At c_ver Exit (Real Time elapsed 0h:00m:00s; CPU Time elapsed 0h:00m:00s; Memory used current: 87MB peak: 98MB)

Process took 0h:00m:01s realtime, 0h:00m:01s cputime

Process completed successfully.
# Wed Mar 18 22:56:28 2026

###########################################################]
