
                             Synplify (R) Premier 

                Version O-2018.09-SP1 for RHEL64 - Nov 27, 2018 

                    Copyright (c) 1988 - 2018 Synopsys, Inc.
   This software and the associated documentation are proprietary to Synopsys,
 Inc. This software may only be used in accordance with the terms and conditions
 of a written license agreement with Synopsys, Inc. All other use, reproduction,
            or distribution of this software is strictly prohibited.

Starting:    /vol/synopsys/fpga/O-2018.09-SP1/linux_a_64/mbin/synplify
Install:     /vol/synopsys/fpga/O-2018.09-SP1
Hostname:    batgirl.ece.northwestern.edu
Date:        Wed Mar 18 22:54:50 2026
Version:     O-2018.09-SP1

Arguments:   -product synplify_premier
ProductType: synplify_premier

License checkout: synplifypremierdp
License: synplifypremierdp from server synopsyslm.ece.northwestern.edu (Using premium license)
Licensed Vendor: All FPGA
License Option: ident



/home/vcs5888/CE387/streaming_fm_radio/syn/proj_1.prjlog file: "/home/vcs5888/CE387/streaming_fm_radio/syn/rev_1/seq_divider.srr"
Running: rev_1 in foreground

Running proj_1|rev_1

Running Flow: compile (Compile) on proj_1|rev_1
# Wed Mar 18 22:55:34 2026

Running Flow: compile_flow (Compile Process) on proj_1|rev_1
# Wed Mar 18 22:55:34 2026
License granted for 4 parallel jobs

Running: compiler (Compile Input) on proj_1|rev_1
# Wed Mar 18 22:55:34 2026
compiler exited with errors
Job failed on: proj_1|rev_1

Job: "compiler" terminated with error status: 2
See log file: "/home/vcs5888/CE387/streaming_fm_radio/syn/rev_1/synlog/seq_divider_compiler.srr"
# Wed Mar 18 22:55:35 2026

Return Code: 2
Run Time:00h:00m:01s
Complete: Compile Process on proj_1|rev_1
Complete: Compile on proj_1|rev_1
Complete: Logic Synthesis on proj_1|rev_1
2Copied /home/vcs5888/CE387/streaming_fm_radio/syn/rev_1/seq_divider.srr to /home/vcs5888/CE387/streaming_fm_radio/syn/rev_1/backup/seq_divider.srr
log file: "/home/vcs5888/CE387/streaming_fm_radio/syn/rev_1/seq_divider.srr"
Running: rev_1 in foreground

Running proj_1|rev_1

Running Flow: compile (Compile) on proj_1|rev_1
# Wed Mar 18 22:55:54 2026

Running Flow: compile_flow (Compile Process) on proj_1|rev_1
# Wed Mar 18 22:55:54 2026
License granted for 4 parallel jobs

Running: compiler (Compile Input) on proj_1|rev_1
# Wed Mar 18 22:55:54 2026

Job: "compiler" terminated with errors. Return status: 0
See log file: "/home/vcs5888/CE387/streaming_fm_radio/syn/rev_1/synlog/seq_divider_compiler.srr"
# Wed Mar 18 22:56:12 2026

Return Code: 0
Run Time:00h:00m:18s
Job Canceled: "compiler"
Job Flow canceled: "rev_1"
2Removed file: /home/vcs5888/CE387/streaming_fm_radio/sv/fm_radio_top_tb.sv
log file: "/home/vcs5888/CE387/streaming_fm_radio/syn/rev_1/seq_divider.srr"
Running: rev_1 in foreground

Running proj_1|rev_1

Running Flow: compile (Compile) on proj_1|rev_1
# Wed Mar 18 22:56:26 2026

Running Flow: compile_flow (Compile Process) on proj_1|rev_1
# Wed Mar 18 22:56:26 2026
License granted for 4 parallel jobs

Running: compiler (Compile Input) on proj_1|rev_1
# Wed Mar 18 22:56:26 2026
Copied /home/vcs5888/CE387/streaming_fm_radio/syn/rev_1/synwork/seq_divider_comp.srs to /home/vcs5888/CE387/streaming_fm_radio/syn/rev_1/seq_divider.srs

compiler completed
# Wed Mar 18 22:56:32 2026

Return Code: 0
Run Time:00h:00m:06s

Running: multi_srs_gen (Multi-srs Generator) on proj_1|rev_1
# Wed Mar 18 22:56:32 2026

multi_srs_gen completed
# Wed Mar 18 22:56:32 2026

Return Code: 0
Run Time:00h:00m:00s
Copied /home/vcs5888/CE387/streaming_fm_radio/syn/rev_1/synwork/seq_divider_mult.srs to /home/vcs5888/CE387/streaming_fm_radio/syn/rev_1/seq_divider.srs
Complete: Compile Process on proj_1|rev_1

Running: premap (Premap) on proj_1|rev_1
# Wed Mar 18 22:56:32 2026

premap completed with warnings
# Wed Mar 18 22:56:34 2026

Return Code: 1
Run Time:00h:00m:02s
Complete: Compile on proj_1|rev_1

Running Flow: map (Map) on proj_1|rev_1
# Wed Mar 18 22:56:34 2026
License granted for 4 parallel jobs

Running: fpga_mapper (Map & Optimize) on proj_1|rev_1
# Wed Mar 18 22:56:34 2026
Copied /home/vcs5888/CE387/streaming_fm_radio/syn/rev_1/synwork/seq_divider_m.srm to /home/vcs5888/CE387/streaming_fm_radio/syn/rev_1/seq_divider.srm
fpga_mapper exited with errors
Job failed on: proj_1|rev_1

Job: "fpga_mapper" terminated with error status: 2
See log file: "/home/vcs5888/CE387/streaming_fm_radio/syn/rev_1/synlog/seq_divider_fpga_mapper.srr"
# Wed Mar 18 22:58:07 2026

Return Code: 2
Run Time:00h:01m:33s
Complete: Map on proj_1|rev_1
Complete: Logic Synthesis on proj_1|rev_1
