##### START OF AREA REPORT #####[
Design view:work.fm_radio_top(verilog)
Selecting part EP4CE6E22A7

Total combinational functions 30356 of 6272 (483%)
Logic element usage by number of inputs
		  4 input functions 	 981
		  3 input functions 	 1001
		  <=2 input functions 	 28374
Logic elements by mode
		  normal mode            2585
		  arithmetic mode        27771
Total registers 8896 of 6272 (141%)
I/O pins 136 of 180 (76%), total I/O based on largest package of this part.

Number of I/O registers
			Input DDRs    :0
			Output DDRs   :0

DSP.Simple_Multipliers_18_bit: 15
DSP Blocks:     15  (30 nine-bit DSP elements).
DSP Utilization: 100.00% of available 15 blocks (30 nine-bit).
ShiftTap:       0  (0 registers)
Total ESB:      79872 bits 

##### END OF AREA REPORT #####]

